Using pre-set license
Built from '2020.3/release' branch; Version is '2020.3.2f1 (8fd9074bf66c) revision 9427207'; Using compiler version '192528614'; Build Type 'Release'
OS: 'Windows 10 Education; OS build 19042.906; Version 2009; 64bit' Language: 'ja' Physical Memory: 16319 MB
BatchMode: 1, IsHumanControllingUs: 0, StartBugReporterOnCrash: 0, Is64bit: 1, IsPro: 0

 COMMAND LINE ARGUMENTS:
C:\Program Files\Unity\Hub\Editor\2020.3.2f1\Editor\Unity.exe
-adb2
-batchMode
-noUpm
-name
AssetImportWorker0
-projectPath
C:/Users/190470/Desktop/Billiard Game
-logFile
Logs/AssetImportWorker0.log
-srvPort
55159
Successfully changed project path to: C:/Users/190470/Desktop/Billiard Game
C:/Users/190470/Desktop/Billiard Game
Using Asset Import Pipeline V2.
Refreshing native plugins compatible for Editor in 23.35 ms, found 0 plugins.
Preloading 0 native plugins for Editor in 0.00 ms.
Initialize engine version: 2020.3.2f1 (8fd9074bf66c)
[Subsystems] Discovering subsystems at path C:/Program Files/Unity/Hub/Editor/2020.3.2f1/Editor/Data/Resources/UnitySubsystems
[Subsystems] Discovering subsystems at path C:/Users/190470/Desktop/Billiard Game/Assets
GfxDevice: creating device client; threaded=0
Direct3D:
    Version:  Direct3D 11.0 [level 11.1]
    Renderer: NVIDIA GeForce GTX 980 Ti (ID=0x17c8)
    Vendor:   
    VRAM:     6097 MB
    Driver:   27.21.14.6093
Initialize mono
Mono path[0] = 'C:/Program Files/Unity/Hub/Editor/2020.3.2f1/Editor/Data/Managed'
Mono path[1] = 'C:/Program Files/Unity/Hub/Editor/2020.3.2f1/Editor/Data/MonoBleedingEdge/lib/mono/unityjit'
Mono config path = 'C:/Program Files/Unity/Hub/Editor/2020.3.2f1/Editor/Data/MonoBleedingEdge/etc'
Using monoOptions --debugger-agent=transport=dt_socket,embedding=1,server=y,suspend=n,address=127.0.0.1:56940
Begin MonoManager ReloadAssembly
Registering precompiled unity dll's ...
Register platform support module: C:/Program Files/Unity/Hub/Editor/2020.3.2f1/Editor/Data/PlaybackEngines/WebGLSupport/UnityEditor.WebGL.Extensions.dll
Register platform support module: C:/Program Files/Unity/Hub/Editor/2020.3.2f1/Editor/Data/PlaybackEngines/WindowsStandaloneSupport/UnityEditor.WindowsStandalone.Extensions.dll
Registered in 0.004387 seconds.
Native extension for WindowsStandalone target not found
Native extension for WebGL target not found
Refreshing native plugins compatible for Editor in 20.93 ms, found 0 plugins.
Preloading 0 native plugins for Editor in 0.00 ms.
Invoked RoslynAnalysisRunner static constructor.
RoslynAnalysisRunner will not be running.
RoslynAnalysisRunner has terminated.
Mono: successfully reloaded assembly
- Completed reload, in  2.300 seconds
Platform modules already initialized, skipping
Registering precompiled user dll's ...
Registered in 0.002021 seconds.
Begin MonoManager ReloadAssembly
Native extension for WindowsStandalone target not found
Native extension for WebGL target not found
Refreshing native plugins compatible for Editor in 0.21 ms, found 0 plugins.
Preloading 0 native plugins for Editor in 0.00 ms.
Invoked RoslynAnalysisRunner static constructor.
RoslynAnalysisRunner will not be running.
RoslynAnalysisRunner has terminated.
Mono: successfully reloaded assembly
- Completed reload, in  1.008 seconds
Platform modules already initialized, skipping
========================================================================
Worker process is ready to serve import requests
Launched and connected shader compiler UnityShaderCompiler.exe after 0.07 seconds
Refreshing native plugins compatible for Editor in 0.19 ms, found 0 plugins.
Preloading 0 native plugins for Editor in 0.00 ms.
Unloading 1116 Unused Serialized files (Serialized files now loaded: 0)
System memory in use before: 57.1 MB.
System memory in use after: 57.2 MB.

Unloading 10 unused Assets to reduce memory usage. Loaded Objects now: 1558.
Total: 2.129800 ms (FindLiveObjects: 0.197000 ms CreateObjectMapping: 0.165400 ms MarkObjects: 1.647000 ms  DeleteObjects: 0.119200 ms)

========================================================================
Received Import Request.
  path: Assets/Material
  artifactKey: Guid(522752455b86882488180eb641e97085) Importer(815301076,1909f56bfc062723c751e8b465ee728b)
Start importing Assets/Material using Guid(522752455b86882488180eb641e97085) Importer(815301076,1909f56bfc062723c751e8b465ee728b)  -> (artifact id: '9076bfa95c33b708791e13a9bc7b46db') in 0.013872 seconds
  Import took 0.015795 seconds .

========================================================================
Received Import Request.
  Time since last request: 25.822625 seconds.
  path: Assets/Script
  artifactKey: Guid(76d5ae3f762d5004d9145f47acb33993) Importer(815301076,1909f56bfc062723c751e8b465ee728b)
Start importing Assets/Script using Guid(76d5ae3f762d5004d9145f47acb33993) Importer(815301076,1909f56bfc062723c751e8b465ee728b)  -> (artifact id: '08d61ee61ba21e5a2b47edd2d38e84de') in 0.011810 seconds
  Import took 0.014234 seconds .

========================================================================
Received Import Request.
  Time since last request: 22.140640 seconds.
  path: Assets/Prefab
  artifactKey: Guid(e71aa12eb9549934c90d8d266616f638) Importer(815301076,1909f56bfc062723c751e8b465ee728b)
Start importing Assets/Prefab using Guid(e71aa12eb9549934c90d8d266616f638) Importer(815301076,1909f56bfc062723c751e8b465ee728b)  -> (artifact id: 'fc0b77e06fe3249471320b1aef11f3be') in 0.013065 seconds
  Import took 0.015312 seconds .

========================================================================
Received Import Request.
  Time since last request: 79.480963 seconds.
  path: Assets/Scenes
  artifactKey: Guid(fc09cecd2eea031428ecb2fd265fb4ec) Importer(815301076,1909f56bfc062723c751e8b465ee728b)
Start importing Assets/Scenes using Guid(fc09cecd2eea031428ecb2fd265fb4ec) Importer(815301076,1909f56bfc062723c751e8b465ee728b)  -> (artifact id: '652e36c03b36e5a080b5350d6c034d05') in 0.012264 seconds
  Import took 0.027695 seconds .

========================================================================
Received Import Request.
  Time since last request: 119.717657 seconds.
  path: Assets/Prefab/Sphere.prefab
  artifactKey: Guid(497ea7900f998e64f847bb765e033175) Importer(815301076,1909f56bfc062723c751e8b465ee728b)
Start importing Assets/Prefab/Sphere.prefab using Guid(497ea7900f998e64f847bb765e033175) Importer(815301076,1909f56bfc062723c751e8b465ee728b)  -> (artifact id: 'e8429a4d2dd773e68322306420b2edec') in 0.165086 seconds
  Import took 0.167268 seconds .

========================================================================
Received Import Request.
  Time since last request: 64.389300 seconds.
  path: Assets/Prefab/Color Ball.prefab
  artifactKey: Guid(7d9e5c85a667d784699598c649f2a1f2) Importer(815301076,1909f56bfc062723c751e8b465ee728b)
Start importing Assets/Prefab/Color Ball.prefab using Guid(7d9e5c85a667d784699598c649f2a1f2) Importer(815301076,1909f56bfc062723c751e8b465ee728b)  -> (artifact id: 'ace9b041d1bacd9d636765691542afd1') in 0.023692 seconds
  Import took 0.035595 seconds .

========================================================================
Received Import Request.
  Time since last request: 0.001839 seconds.
  path: Assets/Prefab/Color Ball.prefab
  artifactKey: Guid(7d9e5c85a667d784699598c649f2a1f2) Importer(815301076,1909f56bfc062723c751e8b465ee728b)
Start importing Assets/Prefab/Color Ball.prefab using Guid(7d9e5c85a667d784699598c649f2a1f2) Importer(815301076,1909f56bfc062723c751e8b465ee728b)  -> (artifact id: 'ace9b041d1bacd9d636765691542afd1') in 0.019451 seconds
  Import took 0.021629 seconds .

========================================================================
Received Import Request.
  Time since last request: 61.188106 seconds.
  path: Assets/Prefab/Color Ball 1.prefab
  artifactKey: Guid(135c15840d6de794eb1be0c71d6af8e7) Importer(815301076,1909f56bfc062723c751e8b465ee728b)
Start importing Assets/Prefab/Color Ball 1.prefab using Guid(135c15840d6de794eb1be0c71d6af8e7) Importer(815301076,1909f56bfc062723c751e8b465ee728b)  -> (artifact id: '567a9b42bd60e2a36badf18a4d701de4') in 0.023801 seconds
  Import took 0.050841 seconds .

========================================================================
Received Import Request.
  Time since last request: 1027.585623 seconds.
  path: Assets/Prefab/New Material.mat
  artifactKey: Guid(4901d7dde8f8663439ec57aea43f2ae2) Importer(815301076,1909f56bfc062723c751e8b465ee728b)
Start importing Assets/Prefab/New Material.mat using Guid(4901d7dde8f8663439ec57aea43f2ae2) Importer(815301076,1909f56bfc062723c751e8b465ee728b)  -> (artifact id: 'f499c1b91f8771540517cf766b2d9a2d') in 0.060782 seconds
  Import took 0.063375 seconds .

========================================================================
Received Import Request.
  Time since last request: 368.670776 seconds.
  path: Assets/Prefab/2_Blue_ColorBall.prefab
  artifactKey: Guid(abca2930203f55243a24494f41aa8daa) Importer(815301076,1909f56bfc062723c751e8b465ee728b)
Start importing Assets/Prefab/2_Blue_ColorBall.prefab using Guid(abca2930203f55243a24494f41aa8daa) Importer(815301076,1909f56bfc062723c751e8b465ee728b)  -> (artifact id: 'c54628d4781b7f59c245c0b021c41a85') in 0.017760 seconds
  Import took 0.020137 seconds .

========================================================================
Received Import Request.
  Time since last request: 19.375548 seconds.
  path: Assets/Prefab/Color Ball.prefab
  artifactKey: Guid(7d9e5c85a667d784699598c649f2a1f2) Importer(815301076,1909f56bfc062723c751e8b465ee728b)
Start importing Assets/Prefab/Color Ball.prefab using Guid(7d9e5c85a667d784699598c649f2a1f2) Importer(815301076,1909f56bfc062723c751e8b465ee728b)  -> (artifact id: '22915e7eab84631bfa92ae9913f1a188') in 0.017159 seconds
  Import took 0.019635 seconds .

========================================================================
Received Import Request.
  Time since last request: 3.021374 seconds.
  path: Assets/Prefab/Color Ball.prefab
  artifactKey: Guid(7d9e5c85a667d784699598c649f2a1f2) Importer(815301076,1909f56bfc062723c751e8b465ee728b)
Start importing Assets/Prefab/Color Ball.prefab using Guid(7d9e5c85a667d784699598c649f2a1f2) Importer(815301076,1909f56bfc062723c751e8b465ee728b)  -> (artifact id: '7099f921b1dde770632116763bd8200e') in 0.014907 seconds
  Import took 0.017403 seconds .

========================================================================
Received Import Request.
  Time since last request: 68.059686 seconds.
  path: Assets/Material/Yellow.mat
  artifactKey: Guid(07a1abd66da5e294d89f3894b68f62d5) Importer(815301076,1909f56bfc062723c751e8b465ee728b)
Start importing Assets/Material/Yellow.mat using Guid(07a1abd66da5e294d89f3894b68f62d5) Importer(815301076,1909f56bfc062723c751e8b465ee728b)  -> (artifact id: '78cd55e3811041d1c4d52309d37ccbb2') in 0.016388 seconds
  Import took 0.018625 seconds .

========================================================================
Received Import Request.
  Time since last request: 47.714554 seconds.
  path: Assets/Material/Blue.mat
  artifactKey: Guid(fa7d6cdfbfe298d499f21e32c01e8e19) Importer(815301076,1909f56bfc062723c751e8b465ee728b)
Start importing Assets/Material/Blue.mat using Guid(fa7d6cdfbfe298d499f21e32c01e8e19) Importer(815301076,1909f56bfc062723c751e8b465ee728b)  -> (artifact id: '7364614e9fa229c745bf49e3146aa768') in 0.015995 seconds
  Import took 0.019263 seconds .

========================================================================
Received Import Request.
  Time since last request: 44.089463 seconds.
  path: Assets/Material/Red.mat
  artifactKey: Guid(4d8a75bdbb416d84cb3e3f831856f432) Importer(815301076,1909f56bfc062723c751e8b465ee728b)
Start importing Assets/Material/Red.mat using Guid(4d8a75bdbb416d84cb3e3f831856f432) Importer(815301076,1909f56bfc062723c751e8b465ee728b)  -> (artifact id: '8a1a7527cd75410edd9ab2245f9bf71b') in 0.015707 seconds
  Import took 0.018404 seconds .

========================================================================
Received Import Request.
  Time since last request: 72.582609 seconds.
  path: Assets/Material/Purple.mat
  artifactKey: Guid(465f1a067542a544e8c64c1f98c07810) Importer(815301076,1909f56bfc062723c751e8b465ee728b)
Start importing Assets/Material/Purple.mat using Guid(465f1a067542a544e8c64c1f98c07810) Importer(815301076,1909f56bfc062723c751e8b465ee728b)  -> (artifact id: '6369187048d22da1d9306389ed74d1a7') in 0.016294 seconds
  Import took 0.019065 seconds .

========================================================================
Received Import Request.
  Time since last request: 40.316694 seconds.
  path: Assets/Material/Orange.mat
  artifactKey: Guid(5ff417c26decd314eaf7b1b800df898f) Importer(815301076,1909f56bfc062723c751e8b465ee728b)
Start importing Assets/Material/Orange.mat using Guid(5ff417c26decd314eaf7b1b800df898f) Importer(815301076,1909f56bfc062723c751e8b465ee728b)  -> (artifact id: '5992e86cd84a6f8d68c71ac31dafdc3e') in 0.016570 seconds
  Import took 0.019055 seconds .

========================================================================
Received Import Request.
  Time since last request: 39.507720 seconds.
  path: Assets/Material/Green.mat
  artifactKey: Guid(6b714a3910b5e654fba56e5163cb112b) Importer(815301076,1909f56bfc062723c751e8b465ee728b)
Start importing Assets/Material/Green.mat using Guid(6b714a3910b5e654fba56e5163cb112b) Importer(815301076,1909f56bfc062723c751e8b465ee728b)  -> (artifact id: 'cb1146eef2aa327ee251024bbd05b5c7') in 0.017646 seconds
  Import took 0.020337 seconds .

========================================================================
Received Import Request.
  Time since last request: 27.665172 seconds.
  path: Assets/Material/Brown.mat
  artifactKey: Guid(9b9e145ae582de54caaadbf454a5950e) Importer(815301076,1909f56bfc062723c751e8b465ee728b)
Start importing Assets/Material/Brown.mat using Guid(9b9e145ae582de54caaadbf454a5950e) Importer(815301076,1909f56bfc062723c751e8b465ee728b)  -> (artifact id: '31216f81293762f168e0467ced869c3e') in 0.016620 seconds
  Import took 0.019189 seconds .

========================================================================
Received Import Request.
  Time since last request: 39.809256 seconds.
  path: Assets/Material/Black.mat
  artifactKey: Guid(c1c63d21c9822204f871101e9647aa2e) Importer(815301076,1909f56bfc062723c751e8b465ee728b)
Start importing Assets/Material/Black.mat using Guid(c1c63d21c9822204f871101e9647aa2e) Importer(815301076,1909f56bfc062723c751e8b465ee728b)  -> (artifact id: '15d86989ea21a9cd297a4b8c285e504d') in 0.016349 seconds
  Import took 0.018667 seconds .

========================================================================
Received Import Request.
  Time since last request: 26.661480 seconds.
  path: Assets/Material/Gold.mat
  artifactKey: Guid(a47cf27f0fb547f42920895e5c507692) Importer(815301076,1909f56bfc062723c751e8b465ee728b)
Start importing Assets/Material/Gold.mat using Guid(a47cf27f0fb547f42920895e5c507692) Importer(815301076,1909f56bfc062723c751e8b465ee728b)  -> (artifact id: '2ff422bc8f59b62429238611167dd941') in 0.015636 seconds
  Import took 0.018198 seconds .

========================================================================
Received Import Request.
  Time since last request: 900.171482 seconds.
  path: Assets/Material/Black.mat
  artifactKey: Guid(c1c63d21c9822204f871101e9647aa2e) Importer(815301076,1909f56bfc062723c751e8b465ee728b)
Start importing Assets/Material/Black.mat using Guid(c1c63d21c9822204f871101e9647aa2e) Importer(815301076,1909f56bfc062723c751e8b465ee728b)  -> (artifact id: 'faa637370a798fec981ef0072cd54f05') in 0.018348 seconds
  Import took 0.021533 seconds .

========================================================================
Received Import Request.
  Time since last request: 0.000297 seconds.
  path: Assets/Material/Brown.mat
  artifactKey: Guid(9b9e145ae582de54caaadbf454a5950e) Importer(815301076,1909f56bfc062723c751e8b465ee728b)
Start importing Assets/Material/Brown.mat using Guid(9b9e145ae582de54caaadbf454a5950e) Importer(815301076,1909f56bfc062723c751e8b465ee728b)  -> (artifact id: '263ef127947535fb17e2f9eaa6f5fdb1') in 0.021868 seconds
  Import took 0.024292 seconds .

========================================================================
Received Import Request.
  Time since last request: 0.000309 seconds.
  path: Assets/Material/Red.mat
  artifactKey: Guid(4d8a75bdbb416d84cb3e3f831856f432) Importer(815301076,1909f56bfc062723c751e8b465ee728b)
Start importing Assets/Material/Red.mat using Guid(4d8a75bdbb416d84cb3e3f831856f432) Importer(815301076,1909f56bfc062723c751e8b465ee728b)  -> (artifact id: '8a2a104d653a1b956a236ff622c45d5d') in 0.016110 seconds
  Import took 0.018001 seconds .

========================================================================
Received Import Request.
  Time since last request: 0.000327 seconds.
  path: Assets/Material/Purple.mat
  artifactKey: Guid(465f1a067542a544e8c64c1f98c07810) Importer(815301076,1909f56bfc062723c751e8b465ee728b)
Start importing Assets/Material/Purple.mat using Guid(465f1a067542a544e8c64c1f98c07810) Importer(815301076,1909f56bfc062723c751e8b465ee728b)  -> (artifact id: 'f42e4c78f2b6abe646499eb61f92d6f9') in 0.017048 seconds
  Import took 0.019102 seconds .

========================================================================
Received Import Request.
  Time since last request: 0.000261 seconds.
  path: Assets/Material/Yellow.mat
  artifactKey: Guid(07a1abd66da5e294d89f3894b68f62d5) Importer(815301076,1909f56bfc062723c751e8b465ee728b)
Start importing Assets/Material/Yellow.mat using Guid(07a1abd66da5e294d89f3894b68f62d5) Importer(815301076,1909f56bfc062723c751e8b465ee728b)  -> (artifact id: '2b2384bd9cd2010bb1a4eb6a8913c879') in 0.015408 seconds
  Import took 0.031388 seconds .

========================================================================
Received Import Request.
  Time since last request: 0.000331 seconds.
  path: Assets/Material/Orange.mat
  artifactKey: Guid(5ff417c26decd314eaf7b1b800df898f) Importer(815301076,1909f56bfc062723c751e8b465ee728b)
Start importing Assets/Material/Orange.mat using Guid(5ff417c26decd314eaf7b1b800df898f) Importer(815301076,1909f56bfc062723c751e8b465ee728b)  -> (artifact id: 'a720f87fc000ade0eac79b44a1869736') in 0.016249 seconds
  Import took 0.018259 seconds .

========================================================================
Received Import Request.
  Time since last request: 0.000211 seconds.
  path: Assets/Material/Green.mat
  artifactKey: Guid(6b714a3910b5e654fba56e5163cb112b) Importer(815301076,1909f56bfc062723c751e8b465ee728b)
Start importing Assets/Material/Green.mat using Guid(6b714a3910b5e654fba56e5163cb112b) Importer(815301076,1909f56bfc062723c751e8b465ee728b)  -> (artifact id: '733e6580284325f7eb0d6c6dbf479ade') in 0.015961 seconds
  Import took 0.018147 seconds .

========================================================================
Received Import Request.
  Time since last request: 0.000284 seconds.
  path: Assets/Material/Blue.mat
  artifactKey: Guid(fa7d6cdfbfe298d499f21e32c01e8e19) Importer(815301076,1909f56bfc062723c751e8b465ee728b)
Start importing Assets/Material/Blue.mat using Guid(fa7d6cdfbfe298d499f21e32c01e8e19) Importer(815301076,1909f56bfc062723c751e8b465ee728b)  -> (artifact id: 'b9ce64f51d52f95a90c4502f72463ae3') in 0.016692 seconds
  Import took 0.018825 seconds .

========================================================================
Received Import Request.
  Time since last request: 0.000262 seconds.
  path: Assets/Material/Gold.mat
  artifactKey: Guid(a47cf27f0fb547f42920895e5c507692) Importer(815301076,1909f56bfc062723c751e8b465ee728b)
Start importing Assets/Material/Gold.mat using Guid(a47cf27f0fb547f42920895e5c507692) Importer(815301076,1909f56bfc062723c751e8b465ee728b)  -> (artifact id: '03e390d5583582092931fe8e1d488737') in 0.041282 seconds
  Import took 0.043000 seconds .

========================================================================
Received Import Request.
  Time since last request: 503.062269 seconds.
  path: Assets/PhysicMaterial
  artifactKey: Guid(81d48ca803bd57241b6e4b69fa32547f) Importer(815301076,1909f56bfc062723c751e8b465ee728b)
Start importing Assets/PhysicMaterial using Guid(81d48ca803bd57241b6e4b69fa32547f) Importer(815301076,1909f56bfc062723c751e8b465ee728b)  -> (artifact id: '05848f98719c965c517725c48f43c52c') in 0.007415 seconds
  Import took 0.010130 seconds .

========================================================================
Received Import Request.
  Time since last request: 49.448562 seconds.
  path: Assets/PhysicMaterial/Common.physicMaterial
  artifactKey: Guid(58ca8e6cf92e7584a994782d849f8818) Importer(815301076,1909f56bfc062723c751e8b465ee728b)
Start importing Assets/PhysicMaterial/Common.physicMaterial using Guid(58ca8e6cf92e7584a994782d849f8818) Importer(815301076,1909f56bfc062723c751e8b465ee728b)  -> (artifact id: 'bd32330d45be7c9f68e64e49a9929be7') in 0.009269 seconds
  Import took 0.011590 seconds .

========================================================================
Received Import Request.
  Time since last request: 17.327942 seconds.
  path: Assets/PhysicMaterial/Table.physicMaterial
  artifactKey: Guid(062b076ec9c7dd142a06a7a93c93ff7f) Importer(815301076,1909f56bfc062723c751e8b465ee728b)
Start importing Assets/PhysicMaterial/Table.physicMaterial using Guid(062b076ec9c7dd142a06a7a93c93ff7f) Importer(815301076,1909f56bfc062723c751e8b465ee728b)  -> (artifact id: '1f8189d073a5fd2d744f6a8a1d1a649b') in 0.006723 seconds
  Import took 0.008972 seconds .

========================================================================
Received Import Request.
  Time since last request: 0.000398 seconds.
  path: Assets/PhysicMaterial/Table.physicMaterial
  artifactKey: Guid(062b076ec9c7dd142a06a7a93c93ff7f) Importer(815301076,1909f56bfc062723c751e8b465ee728b)
Start importing Assets/PhysicMaterial/Table.physicMaterial using Guid(062b076ec9c7dd142a06a7a93c93ff7f) Importer(815301076,1909f56bfc062723c751e8b465ee728b)  -> (artifact id: '1f8189d073a5fd2d744f6a8a1d1a649b') in 0.007229 seconds
  Import took 0.009031 seconds .

========================================================================
Received Import Request.
  Time since last request: 1090.902295 seconds.
  path: Assets/Prefab/Color Ball.prefab
  artifactKey: Guid(7d9e5c85a667d784699598c649f2a1f2) Importer(815301076,1909f56bfc062723c751e8b465ee728b)
Start importing Assets/Prefab/Color Ball.prefab using Guid(7d9e5c85a667d784699598c649f2a1f2) Importer(815301076,1909f56bfc062723c751e8b465ee728b)  -> (artifact id: 'b7c336217f368a27bc267d45a7bf7e3f') in 0.016479 seconds
  Import took 0.019116 seconds .

========================================================================
Received Import Request.
  Time since last request: 12.011724 seconds.
  path: Assets/Prefab/Color Ball.prefab
  artifactKey: Guid(7d9e5c85a667d784699598c649f2a1f2) Importer(815301076,1909f56bfc062723c751e8b465ee728b)
Start importing Assets/Prefab/Color Ball.prefab using Guid(7d9e5c85a667d784699598c649f2a1f2) Importer(815301076,1909f56bfc062723c751e8b465ee728b)  -> (artifact id: '7e84e6318cd9fa4ff92ec5cf8095c22d') in 0.014478 seconds
  Import took 0.016616 seconds .

========================================================================
Received Import Request.
  Time since last request: 172.612868 seconds.
  path: Assets/Prefab/Color Ball.prefab
  artifactKey: Guid(7d9e5c85a667d784699598c649f2a1f2) Importer(815301076,1909f56bfc062723c751e8b465ee728b)
Start importing Assets/Prefab/Color Ball.prefab using Guid(7d9e5c85a667d784699598c649f2a1f2) Importer(815301076,1909f56bfc062723c751e8b465ee728b)  -> (artifact id: 'ddef8eccde4b25be0ba62cfc62855172') in 0.016088 seconds
  Import took 0.019290 seconds .

========================================================================
Received Import Request.
  Time since last request: 4.618354 seconds.
  path: Assets/Prefab/Color Ball.prefab
  artifactKey: Guid(7d9e5c85a667d784699598c649f2a1f2) Importer(815301076,1909f56bfc062723c751e8b465ee728b)
Start importing Assets/Prefab/Color Ball.prefab using Guid(7d9e5c85a667d784699598c649f2a1f2) Importer(815301076,1909f56bfc062723c751e8b465ee728b)  -> (artifact id: 'b8d6c036f942252638af357ec3634d15') in 0.013496 seconds
  Import took 0.016265 seconds .

========================================================================
Received Import Request.
  Time since last request: 17.536313 seconds.
  path: Assets/Prefab/Color Ball.prefab
  artifactKey: Guid(7d9e5c85a667d784699598c649f2a1f2) Importer(815301076,1909f56bfc062723c751e8b465ee728b)
Start importing Assets/Prefab/Color Ball.prefab using Guid(7d9e5c85a667d784699598c649f2a1f2) Importer(815301076,1909f56bfc062723c751e8b465ee728b)  -> (artifact id: '24b85050fb4d5afe31ea744b5d744ac5') in 0.014656 seconds
  Import took 0.017055 seconds .

========================================================================
Received Import Request.
  Time since last request: 108.835540 seconds.
  path: Assets/Script/NewBehaviourScript.cs
  artifactKey: Guid(eeaf6d51ee486f949ab1c36d643f8d4b) Importer(815301076,1909f56bfc062723c751e8b465ee728b)
Start importing Assets/Script/NewBehaviourScript.cs using Guid(eeaf6d51ee486f949ab1c36d643f8d4b) Importer(815301076,1909f56bfc062723c751e8b465ee728b)  -> (artifact id: '270ca8c5659270c703bd22aba77aa6c8') in 0.039670 seconds
  Import took 0.041493 seconds .

========================================================================
Received Import Request.
  Time since last request: 27.503228 seconds.
  path: Assets/Script/BallController.cs
  artifactKey: Guid(eeaf6d51ee486f949ab1c36d643f8d4b) Importer(815301076,1909f56bfc062723c751e8b465ee728b)
Start importing Assets/Script/BallController.cs using Guid(eeaf6d51ee486f949ab1c36d643f8d4b) Importer(815301076,1909f56bfc062723c751e8b465ee728b)  -> (artifact id: 'e4002f23e2818de0821ca921a24b4e8a') in 0.006878 seconds
  Import took 0.009512 seconds .

========================================================================
Received Prepare
Registering precompiled user dll's ...
Registered in 0.001447 seconds.
Begin MonoManager ReloadAssembly
Native extension for WindowsStandalone target not found
Native extension for WebGL target not found
Refreshing native plugins compatible for Editor in 0.19 ms, found 0 plugins.
Preloading 0 native plugins for Editor in 0.00 ms.
Invoked RoslynAnalysisRunner static constructor.
RoslynAnalysisRunner will not be running.
RoslynAnalysisRunner has terminated.
Mono: successfully reloaded assembly
- Completed reload, in  0.803 seconds
Platform modules already initialized, skipping
Refreshing native plugins compatible for Editor in 0.19 ms, found 0 plugins.
Preloading 0 native plugins for Editor in 0.00 ms.
Unloading 1112 Unused Serialized files (Serialized files now loaded: 0)
System memory in use before: 60.5 MB.
System memory in use after: 60.6 MB.

Unloading 6 unused Assets to reduce memory usage. Loaded Objects now: 1603.
Total: 1.973900 ms (FindLiveObjects: 0.240800 ms CreateObjectMapping: 0.042500 ms MarkObjects: 1.590000 ms  DeleteObjects: 0.099700 ms)

========================================================================
Received Import Request.
  Time since last request: 379.166482 seconds.
  path: Assets/Script/BallController.cs
  artifactKey: Guid(eeaf6d51ee486f949ab1c36d643f8d4b) Importer(815301076,1909f56bfc062723c751e8b465ee728b)
Start importing Assets/Script/BallController.cs using Guid(eeaf6d51ee486f949ab1c36d643f8d4b) Importer(815301076,1909f56bfc062723c751e8b465ee728b)  -> (artifact id: 'f374f9a53fe244c0513d157010b800f0') in 0.008022 seconds
  Import took 0.010062 seconds .

========================================================================
Received Prepare
Registering precompiled user dll's ...
Registered in 0.001287 seconds.
Begin MonoManager ReloadAssembly
Native extension for WindowsStandalone target not found
Native extension for WebGL target not found
Refreshing native plugins compatible for Editor in 0.20 ms, found 0 plugins.
Preloading 0 native plugins for Editor in 0.00 ms.
Invoked RoslynAnalysisRunner static constructor.
RoslynAnalysisRunner will not be running.
RoslynAnalysisRunner has terminated.
Mono: successfully reloaded assembly
- Completed reload, in  0.976 seconds
Platform modules already initialized, skipping
Refreshing native plugins compatible for Editor in 0.20 ms, found 0 plugins.
Preloading 0 native plugins for Editor in 0.00 ms.
Unloading 1113 Unused Serialized files (Serialized files now loaded: 0)
System memory in use before: 60.5 MB.
System memory in use after: 60.6 MB.

Unloading 5 unused Assets to reduce memory usage. Loaded Objects now: 1607.
Total: 1.974100 ms (FindLiveObjects: 0.243400 ms CreateObjectMapping: 0.035100 ms MarkObjects: 1.591000 ms  DeleteObjects: 0.103800 ms)

========================================================================
Received Import Request.
  Time since last request: 1363.613601 seconds.
  path: Assets/Script/Hole.cs
  artifactKey: Guid(5d1a0de927ca40b439cc27991054bad9) Importer(815301076,1909f56bfc062723c751e8b465ee728b)
Start importing Assets/Script/Hole.cs using Guid(5d1a0de927ca40b439cc27991054bad9) Importer(815301076,1909f56bfc062723c751e8b465ee728b)  -> (artifact id: '7310e4dd9bc6a8334957cd6cc6791348') in 0.008035 seconds
  Import took 0.009985 seconds .

========================================================================
Received Prepare
Registering precompiled user dll's ...
Registered in 0.001326 seconds.
Begin MonoManager ReloadAssembly
Native extension for WindowsStandalone target not found
Native extension for WebGL target not found
Refreshing native plugins compatible for Editor in 0.19 ms, found 0 plugins.
Preloading 0 native plugins for Editor in 0.00 ms.
Invoked RoslynAnalysisRunner static constructor.
RoslynAnalysisRunner will not be running.
RoslynAnalysisRunner has terminated.
Mono: successfully reloaded assembly
- Completed reload, in  0.812 seconds
Platform modules already initialized, skipping
Refreshing native plugins compatible for Editor in 0.21 ms, found 0 plugins.
Preloading 0 native plugins for Editor in 0.00 ms.
Unloading 1113 Unused Serialized files (Serialized files now loaded: 0)
System memory in use before: 60.5 MB.
System memory in use after: 60.6 MB.

Unloading 5 unused Assets to reduce memory usage. Loaded Objects now: 1610.
Total: 1.704000 ms (FindLiveObjects: 0.192000 ms CreateObjectMapping: 0.035900 ms MarkObjects: 1.395800 ms  DeleteObjects: 0.079200 ms)

========================================================================
Received Import Request.
  Time since last request: 13.819152 seconds.
  path: Assets/Script/ColorBall.cs
  artifactKey: Guid(e2758b5204150344aae108c361d1d147) Importer(815301076,1909f56bfc062723c751e8b465ee728b)
Start importing Assets/Script/ColorBall.cs using Guid(e2758b5204150344aae108c361d1d147) Importer(815301076,1909f56bfc062723c751e8b465ee728b)  -> (artifact id: 'f135071ecfa918dac0a3a0ebd91f5396') in 0.008475 seconds
  Import took 0.010759 seconds .

========================================================================
Received Prepare
Registering precompiled user dll's ...
Registered in 0.001256 seconds.
Begin MonoManager ReloadAssembly
Native extension for WindowsStandalone target not found
Native extension for WebGL target not found
Refreshing native plugins compatible for Editor in 0.19 ms, found 0 plugins.
Preloading 0 native plugins for Editor in 0.00 ms.
Invoked RoslynAnalysisRunner static constructor.
RoslynAnalysisRunner will not be running.
RoslynAnalysisRunner has terminated.
Mono: successfully reloaded assembly
- Completed reload, in  0.815 seconds
Platform modules already initialized, skipping
Refreshing native plugins compatible for Editor in 0.20 ms, found 0 plugins.
Preloading 0 native plugins for Editor in 0.00 ms.
Unloading 1114 Unused Serialized files (Serialized files now loaded: 0)
System memory in use before: 60.6 MB.
System memory in use after: 60.7 MB.

Unloading 5 unused Assets to reduce memory usage. Loaded Objects now: 1614.
Total: 2.232700 ms (FindLiveObjects: 0.348000 ms CreateObjectMapping: 0.127200 ms MarkObjects: 1.685500 ms  DeleteObjects: 0.070300 ms)

========================================================================
Received Prepare
Registering precompiled user dll's ...
Registered in 0.001731 seconds.
Begin MonoManager ReloadAssembly
Native extension for WindowsStandalone target not found
Native extension for WebGL target not found
Refreshing native plugins compatible for Editor in 0.36 ms, found 0 plugins.
Preloading 0 native plugins for Editor in 0.00 ms.
Invoked RoslynAnalysisRunner static constructor.
RoslynAnalysisRunner will not be running.
RoslynAnalysisRunner has terminated.
Mono: successfully reloaded assembly
- Completed reload, in  0.853 seconds
Platform modules already initialized, skipping
Refreshing native plugins compatible for Editor in 0.23 ms, found 0 plugins.
Preloading 0 native plugins for Editor in 0.00 ms.
Unloading 1114 Unused Serialized files (Serialized files now loaded: 0)
System memory in use before: 60.6 MB.
System memory in use after: 60.7 MB.

Unloading 5 unused Assets to reduce memory usage. Loaded Objects now: 1617.
Total: 1.857800 ms (FindLiveObjects: 0.233000 ms CreateObjectMapping: 0.053100 ms MarkObjects: 1.463300 ms  DeleteObjects: 0.106900 ms)

========================================================================
Received Import Request.
  Time since last request: 794.003668 seconds.
  path: Assets/Prefab/Color Ball.prefab
  artifactKey: Guid(7d9e5c85a667d784699598c649f2a1f2) Importer(815301076,1909f56bfc062723c751e8b465ee728b)
Start importing Assets/Prefab/Color Ball.prefab using Guid(7d9e5c85a667d784699598c649f2a1f2) Importer(815301076,1909f56bfc062723c751e8b465ee728b)  -> (artifact id: '8ff3acf9a5fbd9b96989799aba54557a') in 0.057167 seconds
  Import took 0.059153 seconds .

========================================================================
Received Prepare
Registering precompiled user dll's ...
Registered in 0.001816 seconds.
Begin MonoManager ReloadAssembly
Native extension for WindowsStandalone target not found
Native extension for WebGL target not found
Refreshing native plugins compatible for Editor in 0.21 ms, found 0 plugins.
Preloading 0 native plugins for Editor in 0.00 ms.
Invoked RoslynAnalysisRunner static constructor.
RoslynAnalysisRunner will not be running.
RoslynAnalysisRunner has terminated.
Mono: successfully reloaded assembly
- Completed reload, in  0.840 seconds
Platform modules already initialized, skipping
Refreshing native plugins compatible for Editor in 0.19 ms, found 0 plugins.
Preloading 0 native plugins for Editor in 0.00 ms.
Unloading 1114 Unused Serialized files (Serialized files now loaded: 0)
System memory in use before: 60.6 MB.
System memory in use after: 60.7 MB.

Unloading 6 unused Assets to reduce memory usage. Loaded Objects now: 1621.
Total: 2.036200 ms (FindLiveObjects: 0.149800 ms CreateObjectMapping: 0.031400 ms MarkObjects: 1.731700 ms  DeleteObjects: 0.122200 ms)

========================================================================
Received Import Request.
  Time since last request: 109.210256 seconds.
  path: Assets/Script/BallController.cs
  artifactKey: Guid(eeaf6d51ee486f949ab1c36d643f8d4b) Importer(815301076,1909f56bfc062723c751e8b465ee728b)
Start importing Assets/Script/BallController.cs using Guid(eeaf6d51ee486f949ab1c36d643f8d4b) Importer(815301076,1909f56bfc062723c751e8b465ee728b)  -> (artifact id: 'f1723aa3940fa8a43b1de95b841226c2') in 0.008081 seconds
  Import took 0.010090 seconds .

========================================================================
Received Prepare
Registering precompiled user dll's ...
Registered in 0.001591 seconds.
Begin MonoManager ReloadAssembly
Native extension for WindowsStandalone target not found
Native extension for WebGL target not found
Refreshing native plugins compatible for Editor in 0.19 ms, found 0 plugins.
Preloading 0 native plugins for Editor in 0.00 ms.
Invoked RoslynAnalysisRunner static constructor.
RoslynAnalysisRunner will not be running.
RoslynAnalysisRunner has terminated.
Mono: successfully reloaded assembly
- Completed reload, in  0.811 seconds
Platform modules already initialized, skipping
Refreshing native plugins compatible for Editor in 0.20 ms, found 0 plugins.
Preloading 0 native plugins for Editor in 0.00 ms.
Unloading 1114 Unused Serialized files (Serialized files now loaded: 0)
System memory in use before: 60.6 MB.
System memory in use after: 60.7 MB.

Unloading 5 unused Assets to reduce memory usage. Loaded Objects now: 1624.
Total: 1.783600 ms (FindLiveObjects: 0.186700 ms CreateObjectMapping: 0.042600 ms MarkObjects: 1.431500 ms  DeleteObjects: 0.121000 ms)

========================================================================
Received Import Request.
  Time since last request: 446.477153 seconds.
  path: Assets/Script/ColorBall.cs
  artifactKey: Guid(e2758b5204150344aae108c361d1d147) Importer(815301076,1909f56bfc062723c751e8b465ee728b)
Start importing Assets/Script/ColorBall.cs using Guid(e2758b5204150344aae108c361d1d147) Importer(815301076,1909f56bfc062723c751e8b465ee728b)  -> (artifact id: '8b2e9f23a69dbc40503c6e8cdc6acec2') in 0.021689 seconds
  Import took 0.023721 seconds .

========================================================================
Received Prepare
Registering precompiled user dll's ...
Registered in 0.001585 seconds.
Begin MonoManager ReloadAssembly
Native extension for WindowsStandalone target not found
Native extension for WebGL target not found
Refreshing native plugins compatible for Editor in 0.19 ms, found 0 plugins.
Preloading 0 native plugins for Editor in 0.00 ms.
Invoked RoslynAnalysisRunner static constructor.
RoslynAnalysisRunner will not be running.
RoslynAnalysisRunner has terminated.
Mono: successfully reloaded assembly
- Completed reload, in  0.820 seconds
Platform modules already initialized, skipping
Refreshing native plugins compatible for Editor in 0.22 ms, found 0 plugins.
Preloading 0 native plugins for Editor in 0.00 ms.
Unloading 1114 Unused Serialized files (Serialized files now loaded: 0)
System memory in use before: 60.6 MB.
System memory in use after: 60.7 MB.

Unloading 5 unused Assets to reduce memory usage. Loaded Objects now: 1627.
Total: 1.765600 ms (FindLiveObjects: 0.178700 ms CreateObjectMapping: 0.043300 ms MarkObjects: 1.455600 ms  DeleteObjects: 0.087200 ms)

========================================================================
Received Import Request.
  Time since last request: 57.087428 seconds.
  path: Assets/Script/Hole.cs
  artifactKey: Guid(5d1a0de927ca40b439cc27991054bad9) Importer(815301076,1909f56bfc062723c751e8b465ee728b)
Start importing Assets/Script/Hole.cs using Guid(5d1a0de927ca40b439cc27991054bad9) Importer(815301076,1909f56bfc062723c751e8b465ee728b)  -> (artifact id: '2e2f92d3de96b849cc5eb04d056ae662') in 0.007924 seconds
  Import took 0.009676 seconds .

========================================================================
Received Prepare
Registering precompiled user dll's ...
Registered in 0.001403 seconds.
Begin MonoManager ReloadAssembly
Native extension for WindowsStandalone target not found
Native extension for WebGL target not found
Refreshing native plugins compatible for Editor in 0.27 ms, found 0 plugins.
Preloading 0 native plugins for Editor in 0.00 ms.
Invoked RoslynAnalysisRunner static constructor.
RoslynAnalysisRunner will not be running.
RoslynAnalysisRunner has terminated.
Mono: successfully reloaded assembly
- Completed reload, in  0.788 seconds
Platform modules already initialized, skipping
Refreshing native plugins compatible for Editor in 0.24 ms, found 0 plugins.
Preloading 0 native plugins for Editor in 0.00 ms.
Unloading 1114 Unused Serialized files (Serialized files now loaded: 0)
System memory in use before: 60.6 MB.
System memory in use after: 60.7 MB.

Unloading 5 unused Assets to reduce memory usage. Loaded Objects now: 1630.
Total: 1.900100 ms (FindLiveObjects: 0.197500 ms CreateObjectMapping: 0.059100 ms MarkObjects: 1.591100 ms  DeleteObjects: 0.051200 ms)

========================================================================
Received Import Request.
  Time since last request: 144.416423 seconds.
  path: Assets/Script/BallController.cs
  artifactKey: Guid(eeaf6d51ee486f949ab1c36d643f8d4b) Importer(815301076,1909f56bfc062723c751e8b465ee728b)
Start importing Assets/Script/BallController.cs using Guid(eeaf6d51ee486f949ab1c36d643f8d4b) Importer(815301076,1909f56bfc062723c751e8b465ee728b)  -> (artifact id: '8f4c12c9d4bd4d248046c0c2201fb750') in 0.007803 seconds
  Import took 0.010217 seconds .

========================================================================
Received Prepare
Registering precompiled user dll's ...
Registered in 0.001381 seconds.
Begin MonoManager ReloadAssembly
Native extension for WindowsStandalone target not found
Native extension for WebGL target not found
Refreshing native plugins compatible for Editor in 0.24 ms, found 0 plugins.
Preloading 0 native plugins for Editor in 0.00 ms.
Invoked RoslynAnalysisRunner static constructor.
RoslynAnalysisRunner will not be running.
RoslynAnalysisRunner has terminated.
Mono: successfully reloaded assembly
- Completed reload, in  1.182 seconds
Platform modules already initialized, skipping
Refreshing native plugins compatible for Editor in 0.26 ms, found 0 plugins.
Preloading 0 native plugins for Editor in 0.00 ms.
Unloading 1114 Unused Serialized files (Serialized files now loaded: 0)
System memory in use before: 60.6 MB.
System memory in use after: 60.7 MB.

Unloading 5 unused Assets to reduce memory usage. Loaded Objects now: 1633.
Total: 2.324900 ms (FindLiveObjects: 0.221000 ms CreateObjectMapping: 0.036800 ms MarkObjects: 1.981300 ms  DeleteObjects: 0.084400 ms)

========================================================================
Received Import Request.
  Time since last request: 78.630099 seconds.
  path: Assets/Script/Ball.prefab
  artifactKey: Guid(d6fe6e1ef415dc94b9165b3419bcdb25) Importer(815301076,1909f56bfc062723c751e8b465ee728b)
Start importing Assets/Script/Ball.prefab using Guid(d6fe6e1ef415dc94b9165b3419bcdb25) Importer(815301076,1909f56bfc062723c751e8b465ee728b)  -> (artifact id: '640d921a7fd214c9033d0ff46c025736') in 0.116545 seconds
  Import took 0.119231 seconds .

AssetImportWorkerClient::OnTransportError - code=2 error=End of file
