Using pre-set license
Built from '2020.3/release' branch; Version is '2020.3.2f1 (8fd9074bf66c) revision 9427207'; Using compiler version '192528614'; Build Type 'Release'
OS: 'Windows 10 Education; OS build 19042.906; Version 2009; 64bit' Language: 'ja' Physical Memory: 16319 MB
BatchMode: 1, IsHumanControllingUs: 0, StartBugReporterOnCrash: 0, Is64bit: 1, IsPro: 0

 COMMAND LINE ARGUMENTS:
C:\Program Files\Unity\Hub\Editor\2020.3.2f1\Editor\Unity.exe
-adb2
-batchMode
-noUpm
-name
AssetImportWorker0
-projectPath
C:/Users/190470/Billiard Game
-logFile
Logs/AssetImportWorker0.log
-srvPort
54038
Successfully changed project path to: C:/Users/190470/Billiard Game
C:/Users/190470/Billiard Game
Using Asset Import Pipeline V2.
Refreshing native plugins compatible for Editor in 29.30 ms, found 0 plugins.
Preloading 0 native plugins for Editor in 0.00 ms.
Initialize engine version: 2020.3.2f1 (8fd9074bf66c)
[Subsystems] Discovering subsystems at path C:/Program Files/Unity/Hub/Editor/2020.3.2f1/Editor/Data/Resources/UnitySubsystems
[Subsystems] Discovering subsystems at path C:/Users/190470/Billiard Game/Assets
GfxDevice: creating device client; threaded=0
Direct3D:
    Version:  Direct3D 11.0 [level 11.1]
    Renderer: NVIDIA GeForce GTX 980 Ti (ID=0x17c8)
    Vendor:   
    VRAM:     6097 MB
    Driver:   27.21.14.6093
Initialize mono
Mono path[0] = 'C:/Program Files/Unity/Hub/Editor/2020.3.2f1/Editor/Data/Managed'
Mono path[1] = 'C:/Program Files/Unity/Hub/Editor/2020.3.2f1/Editor/Data/MonoBleedingEdge/lib/mono/unityjit'
Mono config path = 'C:/Program Files/Unity/Hub/Editor/2020.3.2f1/Editor/Data/MonoBleedingEdge/etc'
Using monoOptions --debugger-agent=transport=dt_socket,embedding=1,server=y,suspend=n,address=127.0.0.1:56128
Begin MonoManager ReloadAssembly
Registering precompiled unity dll's ...
Register platform support module: C:/Program Files/Unity/Hub/Editor/2020.3.2f1/Editor/Data/PlaybackEngines/WebGLSupport/UnityEditor.WebGL.Extensions.dll
Register platform support module: C:/Program Files/Unity/Hub/Editor/2020.3.2f1/Editor/Data/PlaybackEngines/WindowsStandaloneSupport/UnityEditor.WindowsStandalone.Extensions.dll
Registered in 0.004409 seconds.
Native extension for WindowsStandalone target not found
Native extension for WebGL target not found
Refreshing native plugins compatible for Editor in 24.79 ms, found 0 plugins.
Preloading 0 native plugins for Editor in 0.00 ms.
Invoked RoslynAnalysisRunner static constructor.
RoslynAnalysisRunner will not be running.
RoslynAnalysisRunner has terminated.
Mono: successfully reloaded assembly
- Completed reload, in  2.669 seconds
Platform modules already initialized, skipping
Registering precompiled user dll's ...
Registered in 0.001757 seconds.
Begin MonoManager ReloadAssembly
Native extension for WindowsStandalone target not found
Native extension for WebGL target not found
Refreshing native plugins compatible for Editor in 0.24 ms, found 0 plugins.
Preloading 0 native plugins for Editor in 0.00 ms.
Invoked RoslynAnalysisRunner static constructor.
RoslynAnalysisRunner will not be running.
RoslynAnalysisRunner has terminated.
Mono: successfully reloaded assembly
- Completed reload, in  1.005 seconds
Platform modules already initialized, skipping
========================================================================
Worker process is ready to serve import requests
Launched and connected shader compiler UnityShaderCompiler.exe after 0.07 seconds
Refreshing native plugins compatible for Editor in 0.21 ms, found 0 plugins.
Preloading 0 native plugins for Editor in 0.00 ms.
Unloading 1115 Unused Serialized files (Serialized files now loaded: 0)
System memory in use before: 57.1 MB.
System memory in use after: 57.1 MB.

Unloading 10 unused Assets to reduce memory usage. Loaded Objects now: 1557.
Total: 1.717900 ms (FindLiveObjects: 0.159500 ms CreateObjectMapping: 0.032400 ms MarkObjects: 1.397800 ms  DeleteObjects: 0.127100 ms)

========================================================================
Received Import Request.
  path: Assets/Scenes/SampleScene.unity
  artifactKey: Guid(9fc0d4010bbf28b4594072e72b8655ab) Importer(815301076,1909f56bfc062723c751e8b465ee728b)
Start importing Assets/Scenes/SampleScene.unity using Guid(9fc0d4010bbf28b4594072e72b8655ab) Importer(815301076,1909f56bfc062723c751e8b465ee728b)  -> (artifact id: '75076e30b8b84ebf5e20060e44b32f1e') in 0.018699 seconds
  Import took 0.020477 seconds .

========================================================================
Received Import Request.
  Time since last request: 40.709462 seconds.
  path: Assets/Scenes/Billi.unity
  artifactKey: Guid(9fc0d4010bbf28b4594072e72b8655ab) Importer(815301076,1909f56bfc062723c751e8b465ee728b)
Start importing Assets/Scenes/Billi.unity using Guid(9fc0d4010bbf28b4594072e72b8655ab) Importer(815301076,1909f56bfc062723c751e8b465ee728b)  -> (artifact id: '9a0508a5b997ae323417f276cb5fd5d6') in 0.012820 seconds
  Import took 0.015761 seconds .

========================================================================
Received Import Request.
  Time since last request: 31.545065 seconds.
  path: Assets/Scenes/BilliardScene.unity
  artifactKey: Guid(9fc0d4010bbf28b4594072e72b8655ab) Importer(815301076,1909f56bfc062723c751e8b465ee728b)
Start importing Assets/Scenes/BilliardScene.unity using Guid(9fc0d4010bbf28b4594072e72b8655ab) Importer(815301076,1909f56bfc062723c751e8b465ee728b)  -> (artifact id: 'ca2334aa9686b55521e531cb81db7788') in 0.013068 seconds
  Import took 0.016598 seconds .

========================================================================
Received Import Request.
  Time since last request: 2278.899282 seconds.
  path: Assets
  artifactKey: Guid(00000000000000001000000000000000) Importer(815301076,1909f56bfc062723c751e8b465ee728b)
Start importing Assets using Guid(00000000000000001000000000000000) Importer(815301076,1909f56bfc062723c751e8b465ee728b)  -> (artifact id: '819a33a9bd799f71faca6db75e8a216c') in 0.008598 seconds
  Import took 0.033892 seconds .

========================================================================
Received Import Request.
  Time since last request: 8.865070 seconds.
  path: Assets/New Prefab.prefab
  artifactKey: Guid(dcea089d13df52e46b1961a720e092ad) Importer(815301076,1909f56bfc062723c751e8b465ee728b)
Start importing Assets/New Prefab.prefab using Guid(dcea089d13df52e46b1961a720e092ad) Importer(815301076,1909f56bfc062723c751e8b465ee728b)  -> (artifact id: '2129f83aebb62f792b8b3562c7e2977d') in 0.083937 seconds
  Import took 0.086546 seconds .

========================================================================
Received Import Request.
  Time since last request: 21.400503 seconds.
  path: Assets/NewBehaviourScript.cs
  artifactKey: Guid(2e0fb7fa36941e045a77bf438527e102) Importer(815301076,1909f56bfc062723c751e8b465ee728b)
Start importing Assets/NewBehaviourScript.cs using Guid(2e0fb7fa36941e045a77bf438527e102) Importer(815301076,1909f56bfc062723c751e8b465ee728b)  -> (artifact id: '9c24bf92ddbe57be0ccc252b48638170') in 0.094919 seconds
  Import took 0.096705 seconds .

========================================================================
Received Import Request.
  Time since last request: 5.915166 seconds.
  path: Assets/NewBehaviourScript.cs
  artifactKey: Guid(2e0fb7fa36941e045a77bf438527e102) Importer(815301076,1909f56bfc062723c751e8b465ee728b)
Start importing Assets/NewBehaviourScript.cs using Guid(2e0fb7fa36941e045a77bf438527e102) Importer(815301076,1909f56bfc062723c751e8b465ee728b)  -> (artifact id: '9c24bf92ddbe57be0ccc252b48638170') in 0.007373 seconds
  Import took 0.009725 seconds .

========================================================================
Received Prepare
Registering precompiled user dll's ...
Registered in 0.001267 seconds.
Begin MonoManager ReloadAssembly
Native extension for WindowsStandalone target not found
Native extension for WebGL target not found
Refreshing native plugins compatible for Editor in 0.18 ms, found 0 plugins.
Preloading 0 native plugins for Editor in 0.00 ms.
Invoked RoslynAnalysisRunner static constructor.
RoslynAnalysisRunner will not be running.
RoslynAnalysisRunner has terminated.
Mono: successfully reloaded assembly
- Completed reload, in  0.812 seconds
Platform modules already initialized, skipping
Refreshing native plugins compatible for Editor in 0.20 ms, found 0 plugins.
Preloading 0 native plugins for Editor in 0.00 ms.
Unloading 1111 Unused Serialized files (Serialized files now loaded: 0)
System memory in use before: 57.1 MB.
System memory in use after: 57.1 MB.

Unloading 5 unused Assets to reduce memory usage. Loaded Objects now: 1561.
Total: 1.821400 ms (FindLiveObjects: 0.235600 ms CreateObjectMapping: 0.026600 ms MarkObjects: 1.461700 ms  DeleteObjects: 0.096700 ms)

========================================================================
Received Import Request.
  Time since last request: 39.845395 seconds.
  path: Assets/New Material.mat
  artifactKey: Guid(9e8d97680fbba7545b4109e06eef8a7a) Importer(815301076,1909f56bfc062723c751e8b465ee728b)
Start importing Assets/New Material.mat using Guid(9e8d97680fbba7545b4109e06eef8a7a) Importer(815301076,1909f56bfc062723c751e8b465ee728b)  -> (artifact id: '210052f57dcc86088a1a687d8222c96b') in 0.158784 seconds
  Import took 0.161388 seconds .

========================================================================
Received Import Request.
  Time since last request: 18.357083 seconds.
  path: Assets/New Material 1.mat
  artifactKey: Guid(9c7249af1fa62d749a2f7adc0e2dbf0d) Importer(815301076,1909f56bfc062723c751e8b465ee728b)
Start importing Assets/New Material 1.mat using Guid(9c7249af1fa62d749a2f7adc0e2dbf0d) Importer(815301076,1909f56bfc062723c751e8b465ee728b)  -> (artifact id: '4cb99038d11731545e319cb9a0e0dc2d') in 0.018205 seconds
  Import took 0.020839 seconds .

========================================================================
Received Import Request.
  Time since last request: 17.416089 seconds.
  path: Assets/New Material 2.mat
  artifactKey: Guid(360ddc285fd117a40b4f9b580e31fa7a) Importer(815301076,1909f56bfc062723c751e8b465ee728b)
Start importing Assets/New Material 2.mat using Guid(360ddc285fd117a40b4f9b580e31fa7a) Importer(815301076,1909f56bfc062723c751e8b465ee728b)  -> (artifact id: '15d63303131fc13a8e71246b31a45d6c') in 0.015418 seconds
  Import took 0.018085 seconds .

========================================================================
Received Prepare
Registering precompiled user dll's ...
Registered in 0.001712 seconds.
Begin MonoManager ReloadAssembly
Native extension for WindowsStandalone target not found
Native extension for WebGL target not found
Refreshing native plugins compatible for Editor in 0.19 ms, found 0 plugins.
Preloading 0 native plugins for Editor in 0.00 ms.
Invoked RoslynAnalysisRunner static constructor.
RoslynAnalysisRunner will not be running.
RoslynAnalysisRunner has terminated.
Mono: successfully reloaded assembly
- Completed reload, in  0.839 seconds
Platform modules already initialized, skipping
Refreshing native plugins compatible for Editor in 0.21 ms, found 0 plugins.
Preloading 0 native plugins for Editor in 0.00 ms.
Unloading 1111 Unused Serialized files (Serialized files now loaded: 0)
System memory in use before: 60.4 MB.
System memory in use after: 60.5 MB.

Unloading 5 unused Assets to reduce memory usage. Loaded Objects now: 1604.
Total: 1.896200 ms (FindLiveObjects: 0.256500 ms CreateObjectMapping: 0.051500 ms MarkObjects: 1.494100 ms  DeleteObjects: 0.092700 ms)

========================================================================
Received Import Request.
  Time since last request: 879.968962 seconds.
  path: Assets/Wall.mat
  artifactKey: Guid(360ddc285fd117a40b4f9b580e31fa7a) Importer(815301076,1909f56bfc062723c751e8b465ee728b)
Start importing Assets/Wall.mat using Guid(360ddc285fd117a40b4f9b580e31fa7a) Importer(815301076,1909f56bfc062723c751e8b465ee728b)  -> (artifact id: '3cc34140510835eaae087996f5b9007d') in 0.061667 seconds
  Import took 0.075243 seconds .

========================================================================
Received Import Request.
  Time since last request: 0.000388 seconds.
  path: Assets/Table.mat
  artifactKey: Guid(9e8d97680fbba7545b4109e06eef8a7a) Importer(815301076,1909f56bfc062723c751e8b465ee728b)
Start importing Assets/Table.mat using Guid(9e8d97680fbba7545b4109e06eef8a7a) Importer(815301076,1909f56bfc062723c751e8b465ee728b)  -> (artifact id: '55f5271817cda31d0b1e73360532e58e') in 0.015799 seconds
  Import took 0.017935 seconds .

========================================================================
Received Import Request.
  Time since last request: 0.000267 seconds.
  path: Assets/Hole.mat
  artifactKey: Guid(9c7249af1fa62d749a2f7adc0e2dbf0d) Importer(815301076,1909f56bfc062723c751e8b465ee728b)
Start importing Assets/Hole.mat using Guid(9c7249af1fa62d749a2f7adc0e2dbf0d) Importer(815301076,1909f56bfc062723c751e8b465ee728b)  -> (artifact id: 'db153acf8a0c6424e5ce2a0599fc0246') in 0.014850 seconds
  Import took 0.016633 seconds .

AssetImportWorkerClient::OnTransportError - code=2 error=End of file
